### 20.05.2021 21:23:23
Array
(
    [name] => Админ
)



### 20.05.2021 21:23:24
Array
(
    [name] => Админ
    [catalog] => Array
        (
            [0] => Array
                (
                    [name] => Пицца
                    [price] => 24
                )

            [1] => Array
                (
                    [name] => Чай
                    [price] => 1
                )

            [2] => Array
                (
                    [name] => Яблоко
                    [price] => 12
                )

        )

)### 25.05.2021 22:24:58
Array
(
    [name] => Админ
)



